  Vec2.cpp
  XCollision.cpp
  XComplex.cpp
  XDistance.cpp
E:\projects\LSTGexp\LuaSTG-EX-Plus\LuaSTGExPlus\XMath\XDistance.cpp(269): warning C4244: “参数”: 从“_Ty”转换到“float”，可能丢失数据
          with
          [
              _Ty=double
          ]
E:\projects\LSTGexp\LuaSTG-EX-Plus\LuaSTGExPlus\XMath\XDistance.cpp(292): warning C4244: “初始化”: 从“double”转换到“float”，可能丢失数据
  XEquation.cpp
  XFFT.cpp
E:\projects\LSTGexp\LuaSTG-EX-Plus\LuaSTGExPlus\XMath\XFFT.cpp(8): warning C4305: “初始化”: 从“double”到“const float”截断
E:\projects\LSTGexp\LuaSTG-EX-Plus\LuaSTGExPlus\XMath\XFFT.cpp(9): warning C4305: “初始化”: 从“double”到“float”截断
E:\projects\LSTGexp\LuaSTG-EX-Plus\LuaSTGExPlus\XMath\XFFT.cpp(10): warning C4305: “初始化”: 从“double”到“float”截断
E:\projects\LSTGexp\LuaSTG-EX-Plus\LuaSTGExPlus\XMath\XFFT.cpp(11): warning C4305: “初始化”: 从“double”到“float”截断
E:\projects\LSTGexp\LuaSTG-EX-Plus\LuaSTGExPlus\XMath\XFFT.cpp(12): warning C4305: “初始化”: 从“double”到“float”截断
  XIntersect.cpp
  XRandom.cpp
E:\projects\LSTGexp\LuaSTG-EX-Plus\LuaSTGExPlus\XMath\XRandom.cpp(26): warning C4244: “初始化”: 从“double”转换到“int64_t”，可能丢失数据
E:\projects\LSTGexp\LuaSTG-EX-Plus\LuaSTGExPlus\XMath\XRandom.cpp(26): warning C4244: “初始化”: 从“double”转换到“const int64_t”，可能丢失数据
E:\projects\LSTGexp\LuaSTG-EX-Plus\LuaSTGExPlus\XMath\XRandom.cpp(28): warning C4244: “return”: 从“double”转换到“int64_t”，可能丢失数据
E:\projects\LSTGexp\LuaSTG-EX-Plus\LuaSTGExPlus\XMath\XRandom.cpp(34): warning C4244: “return”: 从“double”转换到“uint64_t”，可能丢失数据
  XSpline.cpp
  XMath.vcxproj -> E:\projects\LSTGexp\LuaSTG-EX-Plus\LuaSTGExPlus\XMath\\build\xmath.lib
